[0.000000] (-) TimerEvent: {}
[0.000461] (keyboard_teleop) JobQueued: {'identifier': 'keyboard_teleop', 'dependencies': OrderedDict()}
[0.000595] (my_robot_description) JobQueued: {'identifier': 'my_robot_description', 'dependencies': OrderedDict()}
[0.000617] (my_robot_bringup) JobQueued: {'identifier': 'my_robot_bringup', 'dependencies': OrderedDict([('my_robot_description', '/home/dung/ros_ws/install/my_robot_description')])}
[0.000633] (my_robot_description) JobStarted: {'identifier': 'my_robot_description'}
[0.004600] (keyboard_teleop) JobStarted: {'identifier': 'keyboard_teleop'}
[0.009177] (my_robot_description) JobProgress: {'identifier': 'my_robot_description', 'progress': 'cmake'}
[0.009620] (my_robot_description) JobProgress: {'identifier': 'my_robot_description', 'progress': 'build'}
[0.010081] (my_robot_description) Command: {'cmd': ['/usr/bin/cmake', '--build', '/home/dung/ros_ws/build/my_robot_description', '--', '-j6', '-l6'], 'cwd': '/home/dung/ros_ws/build/my_robot_description', 'env': OrderedDict([('GJS_DEBUG_TOPICS', 'JS ERROR;JS LOG'), ('LESSOPEN', '| /usr/bin/lesspipe %s'), ('LANGUAGE', 'en_CA:en'), ('USER', 'dung'), ('LC_TIME', 'th_TH.UTF-8'), ('XDG_SESSION_TYPE', 'wayland'), ('SHLVL', '1'), ('LD_LIBRARY_PATH', '/usr/lib/x86_64-linux-gnu/gazebo-11/plugins:/opt/ros/humble/opt/rviz_ogre_vendor/lib:/opt/ros/humble/lib/x86_64-linux-gnu:/opt/ros/humble/lib'), ('HOME', '/home/dung'), ('OLDPWD', '/home/dung/ros_ws'), ('DESKTOP_SESSION', 'ubuntu'), ('GIO_LAUNCHED_DESKTOP_FILE', '/usr/share/applications/terminator.desktop'), ('ROS_PYTHON_VERSION', '3'), ('GNOME_SHELL_SESSION_MODE', 'ubuntu'), ('GTK_MODULES', 'gail:atk-bridge'), ('LC_MONETARY', 'th_TH.UTF-8'), ('MANAGERPID', '1355'), ('SYSTEMD_EXEC_PID', '1519'), ('DBUS_SESSION_BUS_ADDRESS', 'unix:path=/run/user/1000/bus'), ('COLORTERM', 'truecolor'), ('TERMINATOR_DBUS_NAME', 'net.tenshu.Terminator25ef4b219e3b005583550f2b0f9f990c3'), ('GIO_LAUNCHED_DESKTOP_FILE_PID', '2065'), ('IM_CONFIG_PHASE', '1'), ('WAYLAND_DISPLAY', 'wayland-0'), ('COLCON_PREFIX_PATH', '/home/dung/ros_ws/install:/home/dung/install'), ('ROS_DISTRO', 'humble'), ('LOGNAME', 'dung'), ('JOURNAL_STREAM', '8:13537'), ('_', '/usr/bin/colcon'), ('ROS_VERSION', '2'), ('XDG_SESSION_CLASS', 'user'), ('USERNAME', 'dung'), ('TERM', 'xterm-256color'), ('GNOME_DESKTOP_SESSION_ID', 'this-is-deprecated'), ('ROS_LOCALHOST_ONLY', '0'), ('PATH', '/opt/ros/humble/bin:/usr/local/sbin:/usr/local/bin:/usr/sbin:/usr/bin:/sbin:/bin:/usr/games:/usr/local/games:/snap/bin:/snap/bin'), ('SESSION_MANAGER', 'local/dung:@/tmp/.ICE-unix/1481,unix/dung:/tmp/.ICE-unix/1481'), ('INVOCATION_ID', '385a8ee37feb49cfbcf228ce47c55512'), ('PAPERSIZE', 'a4'), ('XDG_MENU_PREFIX', 'gnome-'), ('LC_ADDRESS', 'th_TH.UTF-8'), ('GNOME_SETUP_DISPLAY', ':1'), ('XDG_RUNTIME_DIR', '/run/user/1000'), ('DISPLAY', ':0'), ('TERMINATOR_DBUS_PATH', '/net/tenshu/Terminator2'), ('LANG', 'en_CA.UTF-8'), ('XDG_CURRENT_DESKTOP', 'ubuntu:GNOME'), ('IBUS_DISABLE_SNOOPER', '1'), ('LC_TELEPHONE', 'th_TH.UTF-8'), ('XMODIFIERS', '@im=ibus'), ('XDG_SESSION_DESKTOP', 'ubuntu'), ('XAUTHORITY', '/run/user/1000/.mutter-Xwaylandauth.XWE742'), ('LS_COLORS', 'rs=0:di=01;34:ln=01;36:mh=00:pi=40;33:so=01;35:do=01;35:bd=40;33;01:cd=40;33;01:or=40;31;01:mi=00:su=37;41:sg=30;43:ca=30;41:tw=30;42:ow=34;42:st=37;44:ex=01;32:*.tar=01;31:*.tgz=01;31:*.arc=01;31:*.arj=01;31:*.taz=01;31:*.lha=01;31:*.lz4=01;31:*.lzh=01;31:*.lzma=01;31:*.tlz=01;31:*.txz=01;31:*.tzo=01;31:*.t7z=01;31:*.zip=01;31:*.z=01;31:*.dz=01;31:*.gz=01;31:*.lrz=01;31:*.lz=01;31:*.lzo=01;31:*.xz=01;31:*.zst=01;31:*.tzst=01;31:*.bz2=01;31:*.bz=01;31:*.tbz=01;31:*.tbz2=01;31:*.tz=01;31:*.deb=01;31:*.rpm=01;31:*.jar=01;31:*.war=01;31:*.ear=01;31:*.sar=01;31:*.rar=01;31:*.alz=01;31:*.ace=01;31:*.zoo=01;31:*.cpio=01;31:*.7z=01;31:*.rz=01;31:*.cab=01;31:*.wim=01;31:*.swm=01;31:*.dwm=01;31:*.esd=01;31:*.jpg=01;35:*.jpeg=01;35:*.mjpg=01;35:*.mjpeg=01;35:*.gif=01;35:*.bmp=01;35:*.pbm=01;35:*.pgm=01;35:*.ppm=01;35:*.tga=01;35:*.xbm=01;35:*.xpm=01;35:*.tif=01;35:*.tiff=01;35:*.png=01;35:*.svg=01;35:*.svgz=01;35:*.mng=01;35:*.pcx=01;35:*.mov=01;35:*.mpg=01;35:*.mpeg=01;35:*.m2v=01;35:*.mkv=01;35:*.webm=01;35:*.webp=01;35:*.ogm=01;35:*.mp4=01;35:*.m4v=01;35:*.mp4v=01;35:*.vob=01;35:*.qt=01;35:*.nuv=01;35:*.wmv=01;35:*.asf=01;35:*.rm=01;35:*.rmvb=01;35:*.flc=01;35:*.avi=01;35:*.fli=01;35:*.flv=01;35:*.gl=01;35:*.dl=01;35:*.xcf=01;35:*.xwd=01;35:*.yuv=01;35:*.cgm=01;35:*.emf=01;35:*.ogv=01;35:*.ogx=01;35:*.aac=00;36:*.au=00;36:*.flac=00;36:*.m4a=00;36:*.mid=00;36:*.midi=00;36:*.mka=00;36:*.mp3=00;36:*.mpc=00;36:*.ogg=00;36:*.ra=00;36:*.wav=00;36:*.oga=00;36:*.opus=00;36:*.spx=00;36:*.xspf=00;36:'), ('SSH_AGENT_LAUNCHER', 'gnome-keyring'), ('SSH_AUTH_SOCK', '/run/user/1000/keyring/ssh'), ('AMENT_PREFIX_PATH', '/home/dung/ros_ws/install/my_robot_bringup:/home/dung/ros_ws/install/my_robot_description:/home/dung/ros_ws/install/keyboard_teleop:/home/dung/install/my_robot_description:/opt/ros/humble'), ('SHELL', '/bin/bash'), ('LC_NAME', 'th_TH.UTF-8'), ('TERMINATOR_UUID', 'urn:uuid:6c013e79-6089-4122-9f37-ebc25b780815'), ('QT_ACCESSIBILITY', '1'), ('GDMSESSION', 'ubuntu'), ('LESSCLOSE', '/usr/bin/lesspipe %s %s'), ('LC_MEASUREMENT', 'th_TH.UTF-8'), ('GJS_DEBUG_OUTPUT', 'stderr'), ('LC_IDENTIFICATION', 'th_TH.UTF-8'), ('QT_IM_MODULE', 'ibus'), ('PWD', '/home/dung/ros_ws/build/my_robot_description'), ('LC_ALL', 'en_US.UTF-8'), ('XDG_CONFIG_DIRS', '/etc/xdg/xdg-ubuntu:/etc/xdg'), ('XDG_DATA_DIRS', '/usr/share/ubuntu:/usr/local/share/:/usr/share/:/var/lib/snapd/desktop'), ('PYTHONPATH', '/home/dung/ros_ws/install/keyboard_teleop/lib/python3.10/site-packages:/opt/ros/humble/lib/python3.10/site-packages:/opt/ros/humble/local/lib/python3.10/dist-packages'), ('LC_NUMERIC', 'th_TH.UTF-8'), ('LC_PAPER', 'th_TH.UTF-8'), ('COLCON', '1'), ('VTE_VERSION', '6800'), ('CMAKE_PREFIX_PATH', '/home/dung/ros_ws/install/my_robot_bringup:/home/dung/ros_ws/install/my_robot_description:/home/dung/install/my_robot_description')]), 'shell': False}
[0.032592] (my_robot_description) StdoutLine: {'line': b'-- Found ament_cmake: 1.3.11 (/opt/ros/humble/share/ament_cmake/cmake)\n'}
[0.099858] (-) TimerEvent: {}
[0.171209] (my_robot_description) StderrLine: {'line': b"Error parsing '/home/dung/ros_ws/src/my_robot_description/package.xml':\n"}
[0.202629] (-) TimerEvent: {}
[0.205068] (my_robot_description) StderrLine: {'line': b'Traceback (most recent call last):\n'}
[0.205470] (my_robot_description) StderrLine: {'line': b'  File "/usr/lib/python3/dist-packages/catkin_pkg/package.py", line 610, in parse_package_string\n'}
[0.207102] (my_robot_description) StderrLine: {'line': b'    root = dom.parseString(data)\n'}
[0.207197] (my_robot_description) StderrLine: {'line': b'  File "/usr/lib/python3.10/xml/dom/minidom.py", line 2000, in parseString\n'}
[0.208183] (my_robot_description) StderrLine: {'line': b'    return expatbuilder.parseString(string)\n'}
[0.208330] (my_robot_description) StderrLine: {'line': b'  File "/usr/lib/python3.10/xml/dom/expatbuilder.py", line 925, in parseString\n'}
[0.208952] (my_robot_description) StderrLine: {'line': b'    return builder.parseString(string)\n'}
[0.209035] (my_robot_description) StderrLine: {'line': b'  File "/usr/lib/python3.10/xml/dom/expatbuilder.py", line 223, in parseString\n'}
[0.209141] (my_robot_description) StderrLine: {'line': b'    parser.Parse(string, True)\n'}
[0.209186] (my_robot_description) StderrLine: {'line': b'xml.parsers.expat.ExpatError: mismatched tag: line 27, column 2\n'}
[0.209223] (my_robot_description) StderrLine: {'line': b'\n'}
[0.209256] (my_robot_description) StderrLine: {'line': b'During handling of the above exception, another exception occurred:\n'}
[0.209289] (my_robot_description) StderrLine: {'line': b'\n'}
[0.209321] (my_robot_description) StderrLine: {'line': b'Traceback (most recent call last):\n'}
[0.209356] (my_robot_description) StderrLine: {'line': b'  File "/opt/ros/humble/share/ament_cmake_core/cmake/core/package_xml_2_cmake.py", line 150, in <module>\n'}
[0.209411] (my_robot_description) StderrLine: {'line': b'    main()\n'}
[0.209458] (my_robot_description) StderrLine: {'line': b'  File "/opt/ros/humble/share/ament_cmake_core/cmake/core/package_xml_2_cmake.py", line 53, in main\n'}
[0.210757] (my_robot_description) StderrLine: {'line': b'    raise e\n'}
[0.210872] (my_robot_description) StderrLine: {'line': b'  File "/opt/ros/humble/share/ament_cmake_core/cmake/core/package_xml_2_cmake.py", line 49, in main\n'}
[0.210943] (my_robot_description) StderrLine: {'line': b'    package = parse_package_string(\n'}
[0.210987] (my_robot_description) StderrLine: {'line': b'  File "/usr/lib/python3/dist-packages/catkin_pkg/package.py", line 612, in parse_package_string\n'}
[0.211030] (my_robot_description) StderrLine: {'line': b"    raise InvalidPackage('The manifest contains invalid XML:\\n%s' % ex, filename)\n"}
[0.211105] (my_robot_description) StderrLine: {'line': b"catkin_pkg.package.InvalidPackage: Error(s) in package '/home/dung/ros_ws/src/my_robot_description/package.xml':\n"}
[0.211147] (my_robot_description) StderrLine: {'line': b'The manifest contains invalid XML:\n'}
[0.211175] (my_robot_description) StderrLine: {'line': b'mismatched tag: line 27, column 2\n'}
[0.222504] (my_robot_description) StderrLine: {'line': b'\x1b[31mCMake Error at /opt/ros/humble/share/ament_cmake_core/cmake/core/ament_package_xml.cmake:95 (message):\n'}
[0.222663] (my_robot_description) StderrLine: {'line': b'  execute_process(/usr/bin/python3\n'}
[0.222702] (my_robot_description) StderrLine: {'line': b'  /opt/ros/humble/share/ament_cmake_core/cmake/core/package_xml_2_cmake.py\n'}
[0.222733] (my_robot_description) StderrLine: {'line': b'  /home/dung/ros_ws/src/my_robot_description/package.xml\n'}
[0.222761] (my_robot_description) StderrLine: {'line': b'  /home/dung/ros_ws/build/my_robot_description/ament_cmake_core/package.cmake)\n'}
[0.222787] (my_robot_description) StderrLine: {'line': b'  returned error code 1\n'}
[0.222814] (my_robot_description) StderrLine: {'line': b'Call Stack (most recent call first):\n'}
[0.222867] (my_robot_description) StderrLine: {'line': b'  /opt/ros/humble/share/ament_cmake_core/cmake/core/ament_package_xml.cmake:49 (_ament_package_xml)\n'}
[0.222898] (my_robot_description) StderrLine: {'line': b'  /opt/ros/humble/share/ament_cmake_core/cmake/core/ament_package.cmake:63 (ament_package_xml)\n'}
[0.222925] (my_robot_description) StderrLine: {'line': b'  CMakeLists.txt:17 (ament_package)\n'}
[0.222951] (my_robot_description) StderrLine: {'line': b'\n'}
[0.222977] (my_robot_description) StderrLine: {'line': b'\x1b[0m\n'}
[0.224183] (my_robot_description) StdoutLine: {'line': b'-- Configuring incomplete, errors occurred!\n'}
[0.224310] (my_robot_description) StdoutLine: {'line': b'See also "/home/dung/ros_ws/build/my_robot_description/CMakeFiles/CMakeOutput.log".\n'}
[0.224594] (my_robot_description) StderrLine: {'line': b'gmake: *** [Makefile:226: cmake_check_build_system] Error 1\n'}
[0.229429] (my_robot_description) CommandEnded: {'returncode': 2}
[0.229869] (my_robot_description) JobEnded: {'identifier': 'my_robot_description', 'rc': 2}
[0.302950] (-) TimerEvent: {}
[0.404194] (-) TimerEvent: {}
[0.451686] (keyboard_teleop) JobEnded: {'identifier': 'keyboard_teleop', 'rc': 'SIGINT'}
[0.463007] (my_robot_bringup) JobSkipped: {'identifier': 'my_robot_bringup'}
[0.463062] (-) EventReactorShutdown: {}
